<?xml version="1.0" encoding="UTF-8"?>
<testsuite name="kmeans.ValidatorTest" tests="6" skipped="0" failures="0" errors="0" timestamp="2018-10-20T22:16:43" hostname="xiaomi-air-2018" time="0.036">
  <properties/>
  <testcase name="testEmptyDataset()" classname="kmeans.ValidatorTest" time="0.004"/>
  <testcase name="testNullDataset()" classname="kmeans.ValidatorTest" time="0.002"/>
  <testcase name="testWrongDimensionsDataset1()" classname="kmeans.ValidatorTest" time="0.004"/>
  <testcase name="testWrongDimensionsDataset2()" classname="kmeans.ValidatorTest" time="0.002"/>
  <testcase name="testWrongDimensionsAndNullDataset()" classname="kmeans.ValidatorTest" time="0.003"/>
  <testcase name="testCorrectDimensionsDataset()" classname="kmeans.ValidatorTest" time="0.002"/>
  <system-out><![CDATA[]]></system-out>
  <system-err><![CDATA[]]></system-err>
</testsuite>
