<?xml version="1.0" encoding="UTF-8"?>
<testsuite name="kmeans.ValidatorTest" tests="8" skipped="0" failures="0" errors="0" timestamp="2018-10-21T08:41:11" hostname="xiaomi-air-2018" time="0.022">
  <properties/>
  <testcase name="testEmptyClusterCenters()" classname="kmeans.ValidatorTest" time="0.003"/>
  <testcase name="testEmptyDataset()" classname="kmeans.ValidatorTest" time="0.001"/>
  <testcase name="testNullDataset()" classname="kmeans.ValidatorTest" time="0.001"/>
  <testcase name="testWrongDimensionsDataset1()" classname="kmeans.ValidatorTest" time="0.001"/>
  <testcase name="testWrongDimensionsDataset2()" classname="kmeans.ValidatorTest" time="0.001"/>
  <testcase name="testWrongClusterCenters()" classname="kmeans.ValidatorTest" time="0.002"/>
  <testcase name="testWrongDimensionsAndNullDataset()" classname="kmeans.ValidatorTest" time="0.002"/>
  <testcase name="testCorrectDimensionsDataset()" classname="kmeans.ValidatorTest" time="0.001"/>
  <system-out><![CDATA[]]></system-out>
  <system-err><![CDATA[]]></system-err>
</testsuite>
