<?xml version="1.0" encoding="UTF-8"?>
<testsuite name="util.dataloader.TextLoaderStrategyTest" tests="3" skipped="0" failures="0" errors="0" timestamp="2018-10-21T08:41:11" hostname="xiaomi-air-2018" time="0.044">
  <properties/>
  <testcase name="testFile()" classname="util.dataloader.TextLoaderStrategyTest" time="0.032"/>
  <testcase name="testNonExistingFile()" classname="util.dataloader.TextLoaderStrategyTest" time="0.007"/>
  <testcase name="testFileWithOtherFormat()" classname="util.dataloader.TextLoaderStrategyTest" time="0.001"/>
  <system-out><![CDATA[]]></system-out>
  <system-err><![CDATA[]]></system-err>
</testsuite>
