<?xml version="1.0" encoding="UTF-8"?>
<testsuite name="PointTest" tests="1" skipped="0" failures="0" errors="0" timestamp="2018-10-20T22:16:43" hostname="xiaomi-air-2018" time="0.01">
  <properties/>
  <testcase name="testPoint()" classname="PointTest" time="0.01"/>
  <system-out><![CDATA[]]></system-out>
  <system-err><![CDATA[]]></system-err>
</testsuite>
