<?xml version="1.0" encoding="UTF-8"?>
<testsuite name="kmeans.LloydKMeansStrategyTest" tests="1" skipped="0" failures="0" errors="0" timestamp="2018-10-20T22:16:43" hostname="xiaomi-air-2018" time="0.001">
  <properties/>
  <testcase name="testDifferentPoints()" classname="kmeans.LloydKMeansStrategyTest" time="0.001"/>
  <system-out><![CDATA[]]></system-out>
  <system-err><![CDATA[]]></system-err>
</testsuite>
